15:57:57.723 [JavaFX Application Thread] DEBUG GameApplication      - Logger initialized
15:57:57.726 [JavaFX Application Thread] DEBUG GameApplication      - Logging settings
Title: Main
Version: 0.0
Width: 800
Height: 600
Fullscreen: false
Intro: false
Menus: false
Profiling: false
Single step:false
App Mode: DEVELOPER
Menu Key: ESCAPE
Stage Style: DECORATED
Scene Factory: class com.almasb.fxgl.scene.SceneFactory
Dialog Factory: class com.almasb.fxgl.ui.FXGLDialogFactory
UI Factory: class com.almasb.fxgl.ui.FXGLUIFactory
Notification Service: class com.almasb.fxgl.gameplay.notification.XboxNotificationView
Exception Handler: class com.almasb.fxgl.app.FXGLExceptionHandler
15:57:57.726 [JavaFX Application Thread] DEBUG GameApplication      - Starting FXGL
15:57:57.736 [JavaFX Application Thread] INFO  FXGL                 - FXGL-0.5.4 on DESKTOP
15:57:57.736 [JavaFX Application Thread] INFO  FXGL                 - Source code and latest versions at: https://github.com/AlmasB/FXGL
15:57:57.737 [JavaFX Application Thread] INFO  FXGL                 -              Join the FXGL chat at: https://gitter.im/AlmasB/FXGL
15:57:57.737 [JavaFX Application Thread] DEBUG FXGL                 - FXGL started
15:57:57.737 [JavaFX Application Thread] DEBUG FXGL                 - Initializing FXGL
15:57:57.795 [JavaFX Application Thread] DEBUG AssetLoader          - Loading from disk: /assets/ui/cursors/fxgl_default.png
15:57:57.863 [JavaFX Application Thread] DEBUG AssetLoader          - Loading from disk: /assets/ui/fonts/VarelaRound-Regular.ttf
15:57:57.927 [JavaFX Application Thread] DEBUG MainWindow           - Creating a JavaFX scene
15:57:57.978 [JavaFX Application Thread] DEBUG MainWindow           - Target settings size: 800.0 x 600.0
15:57:57.978 [JavaFX Application Thread] DEBUG MainWindow           - Scaled scene size:    800.0 x 600.0
15:57:57.978 [JavaFX Application Thread] DEBUG MainWindow           - Scaled ratio: (1.0, 1.0)
15:57:57.981 [JavaFX Application Thread] DEBUG AssetLoader          - Loading from disk: /assets/ui/css/fxgl_dark.css
15:57:57.985 [JavaFX Application Thread] DEBUG AssetLoader          - Loading from disk: /assets/textures/fxgl_icon.png
15:57:58.004 [JavaFX Application Thread] DEBUG MainWindow           - Opening main window
15:57:58.176 [JavaFX Application Thread] DEBUG MainWindow           - Window border size: (16.0, 39.0)
15:57:58.176 [JavaFX Application Thread] DEBUG MainWindow           - Scaled size: 800.0 x 600.0
15:57:58.176 [JavaFX Application Thread] DEBUG MainWindow           - Scaled ratio: (1.0, 1.0)
15:57:58.176 [JavaFX Application Thread] DEBUG MainWindow           - Scene size: 800.0 x 600.0
15:57:58.176 [JavaFX Application Thread] DEBUG MainWindow           - Stage size: 816.0 x 639.0
15:57:58.223 [ForkJoinPool.commonPool-worker-19] DEBUG FS                   - Loaded DesktopFSService
15:57:58.224 [ForkJoinPool.commonPool-worker-19] DEBUG FXGL                 - Loading FXGL system data
15:57:58.229 [ForkJoinPool.commonPool-worker-19] DEBUG DesktopFSService     - Reading from: system\fxgl.bundle
15:57:58.237 [ForkJoinPool.commonPool-worker-19] DEBUG Bundle               - Logging bundle: FXGL
15:57:58.237 [ForkJoinPool.commonPool-worker-19] DEBUG Bundle               - FXGL.offline.timer.version.check=2021-09-04T15:57:43.199507
15:57:58.238 [ForkJoinPool.commonPool-worker-19] DEBUG FXGL                 - Initializing state machine and application states
15:57:58.240 [ForkJoinPool.commonPool-worker-19] DEBUG AssetLoader          - Loading from disk: /assets/ui/cursors/fxgl_default.png
15:57:58.247 [ForkJoinPool.commonPool-worker-19] DEBUG AssetLoader          - Loading from disk: /assets/ui/cursors/fxgl_default.png
15:57:58.257 [ForkJoinPool.commonPool-worker-19] DEBUG AssetLoader          - Loading from cache: /assets/ui/fonts/VarelaRound-Regular.ttf
15:57:58.259 [ForkJoinPool.commonPool-worker-19] DEBUG AssetLoader          - Loading from disk: /assets/ui/cursors/fxgl_default.png
15:57:58.262 [ForkJoinPool.commonPool-worker-19] DEBUG GameScene            - Game scene initialized: 800x600
15:57:58.266 [ForkJoinPool.commonPool-worker-19] DEBUG GameWorld            - Game world initialized
15:57:58.311 [ForkJoinPool.commonPool-worker-19] DEBUG PhysicsWorld         - Physics world initialized: appHeight=600, physics.ppm=50,0
15:57:58.327 [ForkJoinPool.commonPool-worker-19] DEBUG Input                - Registered new binding: Pause - Esc
15:57:58.358 [JavaFX Application Thread] DEBUG FXGL                 - Running preInit()
15:57:58.359 [JavaFX Application Thread] DEBUG Input                - Registered new binding: Screenshot - P
15:57:58.360 [JavaFX Application Thread] DEBUG Input                - Registered new binding: Dev Options - CTRL+0
15:57:58.360 [JavaFX Application Thread] DEBUG Input                - Registered new binding: System info dump - CTRL+9
15:57:58.360 [JavaFX Application Thread] DEBUG Input                - Registered new binding: Restart - CTRL+R
15:57:58.360 [JavaFX Application Thread] INFO  FXGL                 - FXGL initialization took: 0,624 sec
15:57:58.361 [JavaFX Application Thread] DEBUG LoopRunner           - Starting loop
15:57:58.362 [JavaFX Application Thread] DEBUG StartupState         - STARTUP
15:57:58.362 [JavaFX Application Thread] DEBUG GameApplication      - Starting new game
15:57:58.362 [JavaFX Application Thread] DEBUG Input                - Clearing active input actions
15:57:58.363 [JavaFX Application Thread] DEBUG AssetLoader          - Loading from disk: /assets/ui/css/fxgl_dark.css
15:57:58.369 [JavaFX Application Thread] DEBUG AppStateMachine      - StartupState -> LoadingState
15:57:58.374 [FXGL Background Thread 1 ] DEBUG InitAppTask          - Clearing previous game
15:57:58.375 [FXGL Background Thread 1 ] DEBUG GameWorld            - Clearing game world
15:57:58.375 [FXGL Background Thread 1 ] DEBUG PhysicsWorld         - Clearing physics world
15:57:58.375 [FXGL Background Thread 1 ] DEBUG GameScene            - Clearing game scene
15:57:58.376 [FXGL Background Thread 1 ] DEBUG InitAppTask          - Initializing Game
15:57:58.384 [FXGL Background Thread 1 ] DEBUG InitAppTask          - Initializing Physics
15:57:58.384 [FXGL Background Thread 1 ] DEBUG InitAppTask          - Initializing UI
15:57:58.384 [FXGL Background Thread 1 ] DEBUG InitAppTask          - Initialization Complete
15:57:58.385 [FXGL Background Thread 1 ] INFO  InitAppTask          - Game initialization took: 0,010 sec
15:57:58.410 [JavaFX Application Thread] DEBUG Input                - Clearing active input actions
15:57:58.410 [JavaFX Application Thread] DEBUG AssetLoader          - Loading from disk: /assets/ui/css/fxgl_dark.css
15:57:58.417 [JavaFX Application Thread] DEBUG AppStateMachine      - LoadingState -> PlayState
15:58:36.601 [JavaFX Application Thread] DEBUG FXGL                 - Exiting FXGL
15:58:36.601 [JavaFX Application Thread] DEBUG FXGL                 - Shutting down background threads
15:58:36.601 [JavaFX Application Thread] DEBUG FXGL                 - Saving FXGL system data
15:58:36.603 [JavaFX Application Thread] DEBUG DesktopFSService     - Writing to: system\fxgl.bundle
15:58:36.606 [JavaFX Application Thread] DEBUG FXGL                 - Closing logger and exiting JavaFX
